[debug] [2025-05-24T18:16:25.376Z] ----------------------------------------------------------------------
[debug] [2025-05-24T18:16:25.378Z] Command:       C:\Program Files\nodejs\node.exe C:\Users\USER-PC\AppData\Roaming\npm\node_modules\firebase-tools\lib\bin\firebase.js init
[debug] [2025-05-24T18:16:25.378Z] CLI Version:   14.1.0
[debug] [2025-05-24T18:16:25.378Z] Platform:      win32
[debug] [2025-05-24T18:16:25.378Z] Node Version:  v22.14.0
[debug] [2025-05-24T18:16:25.378Z] Time:          Sat May 24 2025 20:16:25 GMT+0200 (South Africa Standard Time)
[debug] [2025-05-24T18:16:25.378Z] ----------------------------------------------------------------------
[debug] 
[debug] [2025-05-24T18:16:25.382Z] > command requires scopes: ["email","openid","https://www.googleapis.com/auth/cloudplatformprojects.readonly","https://www.googleapis.com/auth/firebase","https://www.googleapis.com/auth/cloud-platform"]
[debug] [2025-05-24T18:16:25.383Z] > authorizing via signed-in user (riaz@bywallof.co.za)
[info] 
     ######## #### ########  ######## ########     ###     ######  ########
     ##        ##  ##     ## ##       ##     ##  ##   ##  ##       ##
     ######    ##  ########  ######   ########  #########  ######  ######
     ##        ##  ##    ##  ##       ##     ## ##     ##       ## ##
     ##       #### ##     ## ######## ########  ##     ##  ######  ########

You're about to initialize a Firebase project in this directory:

  C:\Users\USER-PC\Documents\GitHub\client-react-tsx-webapp

[info] 
=== Project Setup
[info] 
[info] First, let's associate this project directory with a Firebase project.
[info] You can create multiple project aliases by running firebase use --add, 
[info] but for now we'll just set up a default project.
[info] 
[debug] [2025-05-24T18:17:11.790Z] Checked if tokens are valid: false, expires at: 1748091364697
[debug] [2025-05-24T18:17:11.790Z] Checked if tokens are valid: false, expires at: 1748091364697
[debug] [2025-05-24T18:17:11.790Z] > refreshing access token with scopes: []
[debug] [2025-05-24T18:17:11.791Z] >>> [apiv2][query] POST https://www.googleapis.com/oauth2/v3/token [none]
[debug] [2025-05-24T18:17:11.791Z] >>> [apiv2][body] POST https://www.googleapis.com/oauth2/v3/token [omitted]
[debug] [2025-05-24T18:17:12.251Z] <<< [apiv2][status] POST https://www.googleapis.com/oauth2/v3/token 200
[debug] [2025-05-24T18:17:12.251Z] <<< [apiv2][body] POST https://www.googleapis.com/oauth2/v3/token [omitted]
[debug] [2025-05-24T18:17:12.258Z] >>> [apiv2][query] GET https://firebase.googleapis.com/v1beta1/projects pageSize=100
[debug] [2025-05-24T18:17:13.026Z] <<< [apiv2][status] GET https://firebase.googleapis.com/v1beta1/projects 200
[debug] [2025-05-24T18:17:13.026Z] <<< [apiv2][body] GET https://firebase.googleapis.com/v1beta1/projects [omitted]
